05-May-2020 12:04:49.530 INFO [main] org.apache.catalina.startup.VersionLoggerListener.log Server version name:   Apache Tomcat/8.5.54
05-May-2020 12:04:49.540 INFO [main] org.apache.catalina.startup.VersionLoggerListener.log Server built:          Apr 3 2020 14:06:10 UTC
05-May-2020 12:04:49.550 INFO [main] org.apache.catalina.startup.VersionLoggerListener.log Server version number: 8.5.54.0
05-May-2020 12:04:49.550 INFO [main] org.apache.catalina.startup.VersionLoggerListener.log OS Name:               Windows 10
05-May-2020 12:04:49.550 INFO [main] org.apache.catalina.startup.VersionLoggerListener.log OS Version:            10.0
05-May-2020 12:04:49.550 INFO [main] org.apache.catalina.startup.VersionLoggerListener.log Architecture:          amd64
05-May-2020 12:04:49.550 INFO [main] org.apache.catalina.startup.VersionLoggerListener.log Java Home:             C:\Program Files\Java\jdk1.8.0_241\jre
05-May-2020 12:04:49.550 INFO [main] org.apache.catalina.startup.VersionLoggerListener.log JVM Version:           1.8.0_241-b07
05-May-2020 12:04:49.550 INFO [main] org.apache.catalina.startup.VersionLoggerListener.log JVM Vendor:            Oracle Corporation
05-May-2020 12:04:49.550 INFO [main] org.apache.catalina.startup.VersionLoggerListener.log CATALINA_BASE:         C:\Users\CD\Desktop\Mobile\CorrectedTC\apache-tomcat-8.5.54
05-May-2020 12:04:49.550 INFO [main] org.apache.catalina.startup.VersionLoggerListener.log CATALINA_HOME:         C:\Users\CD\Desktop\Mobile\CorrectedTC\apache-tomcat-8.5.54
05-May-2020 12:04:49.550 INFO [main] org.apache.catalina.startup.VersionLoggerListener.log Command line argument: -Djava.util.logging.config.file=C:\Users\CD\Desktop\Mobile\CorrectedTC\apache-tomcat-8.5.54\conf\logging.properties
05-May-2020 12:04:49.550 INFO [main] org.apache.catalina.startup.VersionLoggerListener.log Command line argument: -Djava.util.logging.manager=org.apache.juli.ClassLoaderLogManager
05-May-2020 12:04:49.550 INFO [main] org.apache.catalina.startup.VersionLoggerListener.log Command line argument: -Djdk.tls.ephemeralDHKeySize=2048
05-May-2020 12:04:49.550 INFO [main] org.apache.catalina.startup.VersionLoggerListener.log Command line argument: -Djava.protocol.handler.pkgs=org.apache.catalina.webresources
05-May-2020 12:04:49.550 INFO [main] org.apache.catalina.startup.VersionLoggerListener.log Command line argument: -Dignore.endorsed.dirs=
05-May-2020 12:04:49.550 INFO [main] org.apache.catalina.startup.VersionLoggerListener.log Command line argument: -Dcatalina.base=C:\Users\CD\Desktop\Mobile\CorrectedTC\apache-tomcat-8.5.54
05-May-2020 12:04:49.550 INFO [main] org.apache.catalina.startup.VersionLoggerListener.log Command line argument: -Dcatalina.home=C:\Users\CD\Desktop\Mobile\CorrectedTC\apache-tomcat-8.5.54
05-May-2020 12:04:49.550 INFO [main] org.apache.catalina.startup.VersionLoggerListener.log Command line argument: -Djava.io.tmpdir=C:\Users\CD\Desktop\Mobile\CorrectedTC\apache-tomcat-8.5.54\temp
05-May-2020 12:04:49.550 INFO [main] org.apache.catalina.core.AprLifecycleListener.lifecycleEvent Loaded APR based Apache Tomcat Native library [1.2.23] using APR version [1.7.0].
05-May-2020 12:04:49.550 INFO [main] org.apache.catalina.core.AprLifecycleListener.lifecycleEvent APR capabilities: IPv6 [true], sendfile [true], accept filters [false], random [true].
05-May-2020 12:04:49.550 INFO [main] org.apache.catalina.core.AprLifecycleListener.lifecycleEvent APR/OpenSSL configuration: useAprConnector [false], useOpenSSL [true]
05-May-2020 12:04:49.570 INFO [main] org.apache.catalina.core.AprLifecycleListener.initializeSSL OpenSSL successfully initialized [OpenSSL 1.1.1c  28 May 2019]
05-May-2020 12:04:50.090 INFO [main] org.apache.coyote.AbstractProtocol.init Initializing ProtocolHandler ["http-nio-8089"]
05-May-2020 12:04:50.490 INFO [main] org.apache.tomcat.util.net.NioSelectorPool.getSharedSelector Using a shared selector for servlet write/read
05-May-2020 12:04:50.500 INFO [main] org.apache.catalina.startup.Catalina.load Initialization processed in 1416 ms
05-May-2020 12:04:50.540 INFO [main] org.apache.catalina.core.StandardService.startInternal Starting service [Catalina]
05-May-2020 12:04:50.540 INFO [main] org.apache.catalina.core.StandardEngine.startInternal Starting Servlet Engine: Apache Tomcat/8.5.54
05-May-2020 12:04:50.550 INFO [localhost-startStop-1] org.apache.catalina.startup.HostConfig.deployDirectory Deploying web application directory [C:\Users\CD\Desktop\Mobile\CorrectedTC\apache-tomcat-8.5.54\webapps\docs]
05-May-2020 12:04:51.880 INFO [localhost-startStop-1] org.apache.jasper.servlet.TldScanner.scanJars At least one JAR was scanned for TLDs yet contained no TLDs. Enable debug logging for this logger for a complete list of JARs that were scanned but no TLDs were found in them. Skipping unneeded JARs during scanning can improve startup time and JSP compilation time.
05-May-2020 12:04:51.930 INFO [localhost-startStop-1] org.apache.catalina.startup.HostConfig.deployDirectory Deployment of web application directory [C:\Users\CD\Desktop\Mobile\CorrectedTC\apache-tomcat-8.5.54\webapps\docs] has finished in [1,380] ms
05-May-2020 12:04:51.930 INFO [localhost-startStop-1] org.apache.catalina.startup.HostConfig.deployDirectory Deploying web application directory [C:\Users\CD\Desktop\Mobile\CorrectedTC\apache-tomcat-8.5.54\webapps\examples]
05-May-2020 12:04:52.961 INFO [localhost-startStop-1] org.apache.jasper.servlet.TldScanner.scanJars At least one JAR was scanned for TLDs yet contained no TLDs. Enable debug logging for this logger for a complete list of JARs that were scanned but no TLDs were found in them. Skipping unneeded JARs during scanning can improve startup time and JSP compilation time.
05-May-2020 12:04:53.029 INFO [localhost-startStop-1] org.apache.catalina.startup.HostConfig.deployDirectory Deployment of web application directory [C:\Users\CD\Desktop\Mobile\CorrectedTC\apache-tomcat-8.5.54\webapps\examples] has finished in [1,099] ms
05-May-2020 12:04:53.030 INFO [localhost-startStop-1] org.apache.catalina.startup.HostConfig.deployDirectory Deploying web application directory [C:\Users\CD\Desktop\Mobile\CorrectedTC\apache-tomcat-8.5.54\webapps\host-manager]
05-May-2020 12:04:53.657 INFO [localhost-startStop-1] org.apache.jasper.servlet.TldScanner.scanJars At least one JAR was scanned for TLDs yet contained no TLDs. Enable debug logging for this logger for a complete list of JARs that were scanned but no TLDs were found in them. Skipping unneeded JARs during scanning can improve startup time and JSP compilation time.
05-May-2020 12:04:53.663 INFO [localhost-startStop-1] org.apache.catalina.startup.HostConfig.deployDirectory Deployment of web application directory [C:\Users\CD\Desktop\Mobile\CorrectedTC\apache-tomcat-8.5.54\webapps\host-manager] has finished in [633] ms
05-May-2020 12:04:53.663 INFO [localhost-startStop-1] org.apache.catalina.startup.HostConfig.deployDirectory Deploying web application directory [C:\Users\CD\Desktop\Mobile\CorrectedTC\apache-tomcat-8.5.54\webapps\manager]
05-May-2020 12:04:54.419 INFO [localhost-startStop-1] org.apache.jasper.servlet.TldScanner.scanJars At least one JAR was scanned for TLDs yet contained no TLDs. Enable debug logging for this logger for a complete list of JARs that were scanned but no TLDs were found in them. Skipping unneeded JARs during scanning can improve startup time and JSP compilation time.
05-May-2020 12:04:54.423 INFO [localhost-startStop-1] org.apache.catalina.startup.HostConfig.deployDirectory Deployment of web application directory [C:\Users\CD\Desktop\Mobile\CorrectedTC\apache-tomcat-8.5.54\webapps\manager] has finished in [760] ms
05-May-2020 12:04:54.423 INFO [localhost-startStop-1] org.apache.catalina.startup.HostConfig.deployDirectory Deploying web application directory [C:\Users\CD\Desktop\Mobile\CorrectedTC\apache-tomcat-8.5.54\webapps\ROOT]
05-May-2020 12:04:55.049 INFO [localhost-startStop-1] org.apache.jasper.servlet.TldScanner.scanJars At least one JAR was scanned for TLDs yet contained no TLDs. Enable debug logging for this logger for a complete list of JARs that were scanned but no TLDs were found in them. Skipping unneeded JARs during scanning can improve startup time and JSP compilation time.
05-May-2020 12:04:55.052 INFO [localhost-startStop-1] org.apache.catalina.startup.HostConfig.deployDirectory Deployment of web application directory [C:\Users\CD\Desktop\Mobile\CorrectedTC\apache-tomcat-8.5.54\webapps\ROOT] has finished in [629] ms
05-May-2020 12:04:55.058 INFO [main] org.apache.coyote.AbstractProtocol.start Starting ProtocolHandler ["http-nio-8089"]
05-May-2020 12:04:55.068 INFO [main] org.apache.catalina.startup.Catalina.start Server startup in 4558 ms
