22-Jun-2020 17:31:26.784 INFO [localhost-startStop-1] org.apache.catalina.core.ApplicationContext.log ContextListener: contextInitialized()
22-Jun-2020 17:31:26.784 INFO [localhost-startStop-1] org.apache.catalina.core.ApplicationContext.log SessionListener: contextInitialized()
22-Jun-2020 17:31:26.786 INFO [localhost-startStop-1] org.apache.catalina.core.ApplicationContext.log ContextListener: attributeAdded('StockTicker', 'async.Stockticker@4e73488d')
22-Jun-2020 17:49:10.292 INFO [localhost-startStop-1] org.apache.catalina.core.ApplicationContext.log ContextListener: contextInitialized()
22-Jun-2020 17:49:10.292 INFO [localhost-startStop-1] org.apache.catalina.core.ApplicationContext.log SessionListener: contextInitialized()
22-Jun-2020 17:49:10.294 INFO [localhost-startStop-1] org.apache.catalina.core.ApplicationContext.log ContextListener: attributeAdded('StockTicker', 'async.Stockticker@1b78bebc')
22-Jun-2020 17:50:32.052 SEVERE [http-nio-8089-exec-4] org.apache.catalina.core.StandardWrapperValve.invoke Servlet.service() for servlet [jsp] in context with path [] threw exception [Unable to compile class for JSP: 

An error occurred at line: [44] in the jsp file: [/store/queryDatabase.jsp]
Amount cannot be resolved to a type
41: 				count++;
42: 				
43: 			}
44: 			Amount of Departments:  <%=count%>;
45: 			
46: 			<%res.close();
47: 			conn.closeConnection();


An error occurred at line: [44] in the jsp file: [/store/queryDatabase.jsp]
Syntax error, insert ";" to complete LocalVariableDeclarationStatement
41: 				count++;
42: 				
43: 			}
44: 			Amount of Departments:  <%=count%>;
45: 			
46: 			<%res.close();
47: 			conn.closeConnection();


An error occurred at line: [44] in the jsp file: [/store/queryDatabase.jsp]
Syntax error on tokens, delete these tokens
41: 				count++;
42: 				
43: 			}
44: 			Amount of Departments:  <%=count%>;
45: 			
46: 			<%res.close();
47: 			conn.closeConnection();


An error occurred at line: [44] in the jsp file: [/store/queryDatabase.jsp]
out.write cannot be resolved to a type
41: 				count++;
42: 				
43: 			}
44: 			Amount of Departments:  <%=count%>;
45: 			
46: 			<%res.close();
47: 			conn.closeConnection();


An error occurred at line: [44] in the jsp file: [/store/queryDatabase.jsp]
Syntax error, insert ">" to complete ReferenceType1
41: 				count++;
42: 				
43: 			}
44: 			Amount of Departments:  <%=count%>;
45: 			
46: 			<%res.close();
47: 			conn.closeConnection();


An error occurred at line: [44] in the jsp file: [/store/queryDatabase.jsp]
Syntax error, insert "super ( ) ;" to complete Statement
41: 				count++;
42: 				
43: 			}
44: 			Amount of Departments:  <%=count%>;
45: 			
46: 			<%res.close();
47: 			conn.closeConnection();


An error occurred at line: [44] in the jsp file: [/store/queryDatabase.jsp]
Constructor call must be the first statement in a constructor
41: 				count++;
42: 				
43: 			}
44: 			Amount of Departments:  <%=count%>;
45: 			
46: 			<%res.close();
47: 			conn.closeConnection();


An error occurred at line: [44] in the jsp file: [/store/queryDatabase.jsp]
The left-hand side of an assignment must be a variable
41: 				count++;
42: 				
43: 			}
44: 			Amount of Departments:  <%=count%>;
45: 			
46: 			<%res.close();
47: 			conn.closeConnection();


An error occurred at line: [44] in the jsp file: [/store/queryDatabase.jsp]
Syntax error, insert "AssignmentOperator Expression" to complete Expression
41: 				count++;
42: 				
43: 			}
44: 			Amount of Departments:  <%=count%>;
45: 			
46: 			<%res.close();
47: 			conn.closeConnection();


Stacktrace:] with root cause
	org.apache.jasper.JasperException: Unable to compile class for JSP: 

An error occurred at line: [44] in the jsp file: [/store/queryDatabase.jsp]
Amount cannot be resolved to a type
41: 				count++;
42: 				
43: 			}
44: 			Amount of Departments:  <%=count%>;
45: 			
46: 			<%res.close();
47: 			conn.closeConnection();


An error occurred at line: [44] in the jsp file: [/store/queryDatabase.jsp]
Syntax error, insert ";" to complete LocalVariableDeclarationStatement
41: 				count++;
42: 				
43: 			}
44: 			Amount of Departments:  <%=count%>;
45: 			
46: 			<%res.close();
47: 			conn.closeConnection();


An error occurred at line: [44] in the jsp file: [/store/queryDatabase.jsp]
Syntax error on tokens, delete these tokens
41: 				count++;
42: 				
43: 			}
44: 			Amount of Departments:  <%=count%>;
45: 			
46: 			<%res.close();
47: 			conn.closeConnection();


An error occurred at line: [44] in the jsp file: [/store/queryDatabase.jsp]
out.write cannot be resolved to a type
41: 				count++;
42: 				
43: 			}
44: 			Amount of Departments:  <%=count%>;
45: 			
46: 			<%res.close();
47: 			conn.closeConnection();


An error occurred at line: [44] in the jsp file: [/store/queryDatabase.jsp]
Syntax error, insert ">" to complete ReferenceType1
41: 				count++;
42: 				
43: 			}
44: 			Amount of Departments:  <%=count%>;
45: 			
46: 			<%res.close();
47: 			conn.closeConnection();


An error occurred at line: [44] in the jsp file: [/store/queryDatabase.jsp]
Syntax error, insert "super ( ) ;" to complete Statement
41: 				count++;
42: 				
43: 			}
44: 			Amount of Departments:  <%=count%>;
45: 			
46: 			<%res.close();
47: 			conn.closeConnection();


An error occurred at line: [44] in the jsp file: [/store/queryDatabase.jsp]
Constructor call must be the first statement in a constructor
41: 				count++;
42: 				
43: 			}
44: 			Amount of Departments:  <%=count%>;
45: 			
46: 			<%res.close();
47: 			conn.closeConnection();


An error occurred at line: [44] in the jsp file: [/store/queryDatabase.jsp]
The left-hand side of an assignment must be a variable
41: 				count++;
42: 				
43: 			}
44: 			Amount of Departments:  <%=count%>;
45: 			
46: 			<%res.close();
47: 			conn.closeConnection();


An error occurred at line: [44] in the jsp file: [/store/queryDatabase.jsp]
Syntax error, insert "AssignmentOperator Expression" to complete Expression
41: 				count++;
42: 				
43: 			}
44: 			Amount of Departments:  <%=count%>;
45: 			
46: 			<%res.close();
47: 			conn.closeConnection();


Stacktrace:
		at org.apache.jasper.compiler.DefaultErrorHandler.javacError(DefaultErrorHandler.java:102)
		at org.apache.jasper.compiler.ErrorDispatcher.javacError(ErrorDispatcher.java:212)
		at org.apache.jasper.compiler.JDTCompiler.generateClass(JDTCompiler.java:574)
		at org.apache.jasper.compiler.Compiler.compile(Compiler.java:381)
		at org.apache.jasper.compiler.Compiler.compile(Compiler.java:351)
		at org.apache.jasper.compiler.Compiler.compile(Compiler.java:335)
		at org.apache.jasper.JspCompilationContext.compile(JspCompilationContext.java:597)
		at org.apache.jasper.servlet.JspServletWrapper.service(JspServletWrapper.java:399)
		at org.apache.jasper.servlet.JspServlet.serviceJspFile(JspServlet.java:386)
		at org.apache.jasper.servlet.JspServlet.service(JspServlet.java:330)
		at javax.servlet.http.HttpServlet.service(HttpServlet.java:741)
		at org.apache.catalina.core.ApplicationFilterChain.internalDoFilter(ApplicationFilterChain.java:231)
		at org.apache.catalina.core.ApplicationFilterChain.doFilter(ApplicationFilterChain.java:166)
		at org.apache.tomcat.websocket.server.WsFilter.doFilter(WsFilter.java:52)
		at org.apache.catalina.core.ApplicationFilterChain.internalDoFilter(ApplicationFilterChain.java:193)
		at org.apache.catalina.core.ApplicationFilterChain.doFilter(ApplicationFilterChain.java:166)
		at org.apache.catalina.core.StandardWrapperValve.invoke(StandardWrapperValve.java:199)
		at org.apache.catalina.core.StandardContextValve.invoke(StandardContextValve.java:96)
		at org.apache.catalina.authenticator.AuthenticatorBase.invoke(AuthenticatorBase.java:543)
		at org.apache.catalina.core.StandardHostValve.invoke(StandardHostValve.java:139)
		at org.apache.catalina.valves.ErrorReportValve.invoke(ErrorReportValve.java:81)
		at org.apache.catalina.valves.AbstractAccessLogValve.invoke(AbstractAccessLogValve.java:690)
		at org.apache.catalina.core.StandardEngineValve.invoke(StandardEngineValve.java:87)
		at org.apache.catalina.connector.CoyoteAdapter.service(CoyoteAdapter.java:343)
		at org.apache.coyote.http11.Http11Processor.service(Http11Processor.java:615)
		at org.apache.coyote.AbstractProcessorLight.process(AbstractProcessorLight.java:65)
		at org.apache.coyote.AbstractProtocol$ConnectionHandler.process(AbstractProtocol.java:818)
		at org.apache.tomcat.util.net.NioEndpoint$SocketProcessor.doRun(NioEndpoint.java:1627)
		at org.apache.tomcat.util.net.SocketProcessorBase.run(SocketProcessorBase.java:49)
		at java.util.concurrent.ThreadPoolExecutor.runWorker(ThreadPoolExecutor.java:1149)
		at java.util.concurrent.ThreadPoolExecutor$Worker.run(ThreadPoolExecutor.java:624)
		at org.apache.tomcat.util.threads.TaskThread$WrappingRunnable.run(TaskThread.java:61)
		at java.lang.Thread.run(Thread.java:748)
